
> sikaprimeapp@0.1.0 dev
> next dev

▲ Next.js 16.2.2 (Turbopack)
- Local:         http://localhost:3000
- Network:       http://192.168.0.2:3000
✓ Ready in 553ms
Attention: Next.js now collects completely anonymous telemetry regarding usage.
This information is used to shape Next.js' roadmap and prioritize features.
You can learn more, including how to opt-out if you'd not like to participate in this anonymous program, by visiting the following URL:
https://nextjs.org/telemetry


○ Compiling / ...
 GET / 200 in 4.7s (next.js: 3.9s, application-code: 833ms)
 GET / 200 in 164ms (next.js: 5ms, application-code: 159ms)
 GET /login 200 in 1489ms (next.js: 1177ms, application-code: 312ms)
 GET / 200 in 151ms (next.js: 5ms, application-code: 146ms)
 GET /login 200 in 94ms (next.js: 4ms, application-code: 90ms)
 GET / 200 in 168ms (next.js: 6ms, application-code: 163ms)
 GET /login 200 in 90ms (next.js: 4ms, application-code: 86ms)
✓ Compiled in 95ms
⚠ Found a change in next.config.ts. Restarting the server to apply the changes...
▲ Next.js 16.2.2 (Turbopack)
- Local:         http://localhost:3000
- Network:       http://192.168.0.2:3000
✓ Ready in 1194ms
